0 info it worked if it ends with ok
1 verbose cli [ '/usr/local/bin/node',
1 verbose cli   '/usr/local/bin/npm',
1 verbose cli   'install',
1 verbose cli   'jsonselectls' ]
2 info using npm@1.4.3
3 info using node@v0.10.26
4 warn package.json events@1.0.0 events is also the name of a node core module.
5 warn package.json jsonselect@0.0.1 No repository field.
6 warn package.json search-index@0.2.23 No repository field.
7 verbose cache add [ 'jsonselectls', null ]
8 verbose cache add name=undefined spec="jsonselectls" args=["jsonselectls",null]
9 verbose parsed url { protocol: null,
9 verbose parsed url   slashes: null,
9 verbose parsed url   auth: null,
9 verbose parsed url   host: null,
9 verbose parsed url   port: null,
9 verbose parsed url   hostname: null,
9 verbose parsed url   hash: null,
9 verbose parsed url   search: null,
9 verbose parsed url   query: null,
9 verbose parsed url   pathname: 'jsonselectls',
9 verbose parsed url   path: 'jsonselectls',
9 verbose parsed url   href: 'jsonselectls' }
10 silly lockFile f3e52731-jsonselectls jsonselectls
11 verbose lock jsonselectls /home/gpestana/.npm/f3e52731-jsonselectls.lock
12 silly lockFile f3e52731-jsonselectls jsonselectls
13 silly lockFile f3e52731-jsonselectls jsonselectls
14 verbose addNamed [ 'jsonselectls', '' ]
15 verbose addNamed [ null, '*' ]
16 silly lockFile f89daaef-jsonselectls jsonselectls@
17 verbose lock jsonselectls@ /home/gpestana/.npm/f89daaef-jsonselectls.lock
18 silly addNameRange { name: 'jsonselectls', range: '*', hasData: false }
19 verbose url raw jsonselectls
20 verbose url resolving [ 'http://registry.npmjs.org/', './jsonselectls' ]
21 verbose url resolved http://registry.npmjs.org/jsonselectls
22 info trying registry request attempt 1 at 19:18:08
23 http GET http://registry.npmjs.org/jsonselectls
24 http 404 http://registry.npmjs.org/jsonselectls
25 silly registry.get cb [ 404,
25 silly registry.get   { server: 'CouchDB/1.5.0 (Erlang OTP/R14B04)',
25 silly registry.get     'content-type': 'application/json',
25 silly registry.get     via: '1.1 varnish',
25 silly registry.get     'cache-control': 'max-age=0',
25 silly registry.get     'content-length': '52',
25 silly registry.get     'accept-ranges': 'bytes',
25 silly registry.get     date: 'Tue, 13 May 2014 16:18:09 GMT',
25 silly registry.get     age: '0',
25 silly registry.get     connection: 'keep-alive',
25 silly registry.get     'x-served-by': 'cache-v43-ASH, cache-fra1222-FRA',
25 silly registry.get     'x-cache': 'MISS, MISS',
25 silly registry.get     'x-cache-hits': '0, 0',
25 silly registry.get     'x-timer': 'S1399997888.964807749,VS0,VS45,VE141,VE185' } ]
26 silly lockFile f89daaef-jsonselectls jsonselectls@
27 silly lockFile f89daaef-jsonselectls jsonselectls@
28 error 404 'jsonselectls' is not in the npm registry.
28 error 404 You should bug the author to publish it
28 error 404
28 error 404 Note that you can also install from a
28 error 404 tarball, folder, or http url, or git url.
29 error System Linux 3.11.0-19-generic
30 error command "/usr/local/bin/node" "/usr/local/bin/npm" "install" "jsonselectls"
31 error cwd /home/gpestana/dev/nsd
32 error node -v v0.10.26
33 error npm -v 1.4.3
34 error code E404
35 verbose exit [ 1, true ]
